2024-07-10 01:03:58,292 [INFO] Activator:176 - 


2024-07-10 01:03:58,304 [INFO] Activator:177 - !SESSION log4j initialized
2024-07-10 01:04:12,619 [INFO] LogOutputStream:77 - [STDOUT_REDIRECT] 
2024-07-10 01:04:43,582 [INFO] ApplicationProperties:184 - Using Application install path: C:\ST\STM32CubeIDE_1.12.0\STM32CubeIDE\plugins\com.st.stm32cube.common.mx_6.11.1.202404110753
2024-07-10 01:04:43,635 [INFO] DbMcusXml:78 - Set database path to: C:\ST\STM32CubeIDE_1.12.0\STM32CubeIDE\plugins\com.st.stm32cube.common.mx_6.11.1.202404110753\\db\/mcu/
2024-07-10 01:04:43,636 [INFO] ApiDb:274 - Set plugin database path to: C:\ST\STM32CubeIDE_1.12.0\STM32CubeIDE\plugins\com.st.stm32cube.common.mx_6.11.1.202404110753\\db\/plugins/boardmanager/
2024-07-10 01:04:43,638 [WARN] ApiDb:259 - Overriding images path with different value:  => C:\ST\STM32CubeIDE_1.12.0\STM32CubeIDE\plugins\com.st.stm32cube.common.mx_6.11.1.202404110753\\db\/plugins/mcufinder/images/
2024-07-10 01:04:43,667 [INFO] ApiDb:250 - Set database path to: C:\Users\batuh\.stmcufinder\plugins\mcufinder//mcu/
2024-07-10 01:04:43,670 [INFO] DbMcusAds:125 - Set database path to: C:\Users\batuh\.stmcufinder\plugins\mcufinder//mcu/
2024-07-10 01:04:43,679 [INFO] CrossReferenceDbSqlite:203 - Set database path to: C:\Users\batuh\.stmcufinder\plugins\mcufinder//mcu/cs/
2024-07-10 01:04:44,093 [INFO] RulesReader:64 - Compatibility file has been processed (297 Rules)
2024-07-10 01:04:44,379 [INFO] DbMcusXml:78 - Set database path to: C:\ST\STM32CubeIDE_1.12.0\STM32CubeIDE\plugins\com.st.stm32cube.common.mx_6.11.1.202404110753\\db\/mcu/
2024-07-10 01:04:44,379 [INFO] ApiDb:274 - Set plugin database path to: C:\ST\STM32CubeIDE_1.12.0\STM32CubeIDE\plugins\com.st.stm32cube.common.mx_6.11.1.202404110753\\db\/plugins/boardmanager/
2024-07-10 01:04:44,381 [INFO] ApiDb:261 - Set plugin images path to: C:\ST\STM32CubeIDE_1.12.0\STM32CubeIDE\plugins\com.st.stm32cube.common.mx_6.11.1.202404110753\\db\/plugins/mcufinder/images/
2024-07-10 01:04:44,382 [WARN] DbFile:41 - Overriding database path with different value: C:\Users\batuh\.stmcufinder\plugins\mcufinder/ => C:\Users\batuh\.stmcufinder\plugins\mcufinder
2024-07-10 01:04:44,382 [INFO] ApiDb:250 - Set database path to: C:\Users\batuh\.stmcufinder\plugins\mcufinder//mcu/
2024-07-10 01:04:44,382 [WARN] DbFile:41 - Overriding database path with different value: C:\Users\batuh\.stmcufinder\plugins\mcufinder/ => C:\Users\batuh\.stmcufinder\plugins\mcufinder
2024-07-10 01:04:44,382 [INFO] DbMcusAds:125 - Set database path to: C:\Users\batuh\.stmcufinder\plugins\mcufinder//mcu/
2024-07-10 01:04:44,382 [WARN] DbFile:41 - Overriding database path with different value: C:\Users\batuh\.stmcufinder\plugins\mcufinder/ => C:\Users\batuh\.stmcufinder\plugins\mcufinder
2024-07-10 01:04:44,383 [WARN] DbFile:41 - Overriding database path with different value: C:\Users\batuh\.stmcufinder\plugins\mcufinder/ => C:\Users\batuh\.stmcufinder\plugins\mcufinder
2024-07-10 01:04:44,383 [INFO] CrossReferenceDbSqlite:203 - Set database path to: C:\Users\batuh\.stmcufinder\plugins\mcufinder//mcu/cs/
2024-07-10 01:04:44,633 [INFO] MainPanel:264 - HeapMemory: 268435456
2024-07-10 01:04:44,931 [INFO] DbMcusXml:78 - Set database path to: C:\ST\STM32CubeIDE_1.12.0\STM32CubeIDE\plugins\com.st.stm32cube.common.mx_6.11.1.202404110753\\db\/mcu/
2024-07-10 01:04:44,932 [INFO] ApiDb:274 - Set plugin database path to: C:\ST\STM32CubeIDE_1.12.0\STM32CubeIDE\plugins\com.st.stm32cube.common.mx_6.11.1.202404110753\\db\/plugins/boardmanager/
2024-07-10 01:04:44,932 [INFO] ApiDb:261 - Set plugin images path to: C:\ST\STM32CubeIDE_1.12.0\STM32CubeIDE\plugins\com.st.stm32cube.common.mx_6.11.1.202404110753\\db\/plugins/mcufinder/images/
2024-07-10 01:04:44,933 [WARN] DbFile:41 - Overriding database path with different value: C:\Users\batuh\.stmcufinder\plugins\mcufinder/ => C:\Users\batuh\.stmcufinder\plugins\mcufinder
2024-07-10 01:04:44,934 [INFO] ApiDb:250 - Set database path to: C:\Users\batuh\.stmcufinder\plugins\mcufinder//mcu/
2024-07-10 01:04:44,934 [WARN] DbFile:41 - Overriding database path with different value: C:\Users\batuh\.stmcufinder\plugins\mcufinder/ => C:\Users\batuh\.stmcufinder\plugins\mcufinder
2024-07-10 01:04:44,934 [INFO] DbMcusAds:125 - Set database path to: C:\Users\batuh\.stmcufinder\plugins\mcufinder//mcu/
2024-07-10 01:04:44,935 [WARN] DbFile:41 - Overriding database path with different value: C:\Users\batuh\.stmcufinder\plugins\mcufinder/ => C:\Users\batuh\.stmcufinder\plugins\mcufinder
2024-07-10 01:04:44,935 [WARN] DbFile:41 - Overriding database path with different value: C:\Users\batuh\.stmcufinder\plugins\mcufinder/ => C:\Users\batuh\.stmcufinder\plugins\mcufinder
2024-07-10 01:04:44,936 [INFO] CrossReferenceDbSqlite:203 - Set database path to: C:\Users\batuh\.stmcufinder\plugins\mcufinder//mcu/cs/
2024-07-10 01:04:44,999 [INFO] ApplicationProperties:184 - Using Application install path: C:\ST\STM32CubeIDE_1.12.0\STM32CubeIDE\plugins\com.st.stm32cube.common.mx_6.11.1.202404110753
2024-07-10 01:04:45,004 [INFO] PluginManage:196 - Search for loadable plugins [exclusion list=, ]
2024-07-10 01:04:45,009 [INFO] PluginManage:310 - Check plugin analytics
2024-07-10 01:04:45,604 [INFO] AnalyticsPlugin:253 - Accepted Software Licenses: 
2024-07-10 01:04:45,604 [INFO] AnalyticsPlugin:255 - Accepted CMSIS Pack Licenses: 
2024-07-10 01:04:45,605 [INFO] AnalyticsPlugin:257 - Accepted Firmware Licenses: FW.F4.1.27.0,FW.G4.1.5.0
2024-07-10 01:04:45,614 [INFO] PluginManage:359 - Loaded plugin analytics (category:tool,tabindex:-1)
2024-07-10 01:04:45,615 [INFO] PluginManage:310 - Check plugin cadmodel
2024-07-10 01:04:45,630 [INFO] CADModel:105 - Init CAD model plugin
2024-07-10 01:04:45,631 [INFO] PluginManage:359 - Loaded plugin cadmodel (category:power,tabindex:5)
2024-07-10 01:04:45,631 [INFO] PluginManage:310 - Check plugin clock
2024-07-10 01:04:45,667 [INFO] PluginManage:359 - Loaded plugin clock (category:base,tabindex:2)
2024-07-10 01:04:45,668 [INFO] PluginManage:310 - Check plugin ddr
2024-07-10 01:04:45,674 [INFO] PluginManage:359 - Loaded plugin ddr (category:tool,tabindex:6)
2024-07-10 01:04:45,675 [INFO] PluginManage:310 - Check plugin filemanager
2024-07-10 01:04:46,130 [INFO] PluginManage:359 - Loaded plugin filemanager (category:base,tabindex:10)
2024-07-10 01:04:46,130 [INFO] PluginManage:310 - Check plugin ipmanager
2024-07-10 01:04:46,157 [INFO] PluginManage:359 - Loaded plugin ipmanager (category:base,tabindex:5)
2024-07-10 01:04:46,158 [INFO] PluginManage:310 - Check plugin lpbam
2024-07-10 01:04:46,190 [INFO] PluginManage:359 - Loaded plugin lpbam (category:base,tabindex:0)
2024-07-10 01:04:46,191 [INFO] PluginManage:310 - Check plugin memorymap
2024-07-10 01:04:46,235 [INFO] PluginManage:359 - Loaded plugin memorymap (category:base,tabindex:4)
2024-07-10 01:04:46,236 [INFO] PluginManage:310 - Check plugin pinoutandconfiguration
2024-07-10 01:04:46,261 [INFO] PluginManage:359 - Loaded plugin pinoutandconfiguration (category:base,tabindex:1)
2024-07-10 01:04:46,262 [INFO] PluginManage:310 - Check plugin pinoutconfig
2024-07-10 01:04:46,551 [WARN] SupportedApi:132 - Cannot load RTOS API schema: s4s-elt-must-match.1: The content of 'definitions' must match (annotation?, (simpleType | complexType)?, (unique | key | keyref)*)). A problem was found starting at: attribute.
2024-07-10 01:04:46,995 [INFO] PluginManage:359 - Loaded plugin pinoutconfig (category:base,tabindex:0)
2024-07-10 01:04:46,995 [INFO] PluginManage:310 - Check plugin power
2024-07-10 01:04:47,027 [INFO] PluginManage:359 - Loaded plugin power (category:power,tabindex:4)
2024-07-10 01:04:47,028 [INFO] PluginManage:310 - Check plugin projectmanager
2024-07-10 01:04:47,079 [INFO] PluginManage:359 - Loaded plugin projectmanager (category:projectmanager,tabindex:3)
2024-07-10 01:04:47,079 [INFO] PluginManage:310 - Check plugin thirdparty
2024-07-10 01:04:47,808 [INFO] PluginManage:359 - Loaded plugin thirdparty (category:base,tabindex:-1)
2024-07-10 01:04:47,807 [WARN] IntegrityCheckThread:84 - waiting for thirdparty lock release [integrity check]
2024-07-10 01:04:47,808 [INFO] PluginManage:310 - Check plugin tools
2024-07-10 01:04:47,809 [INFO] IntegrityCheckThread:86 - entering critical section [integrity check]
2024-07-10 01:04:47,810 [INFO] ThirdPartyUpdaterWithRetryManager:70 - Updater plugin not ready yet. [1/15]
2024-07-10 01:04:47,817 [INFO] PluginManage:359 - Loaded plugin tools (category:base,tabindex:7)
2024-07-10 01:04:47,817 [INFO] PluginManage:310 - Check plugin tutovideos
2024-07-10 01:04:48,407 [INFO] PluginManage:359 - Loaded plugin tutovideos (category:base,tabindex:-1)
2024-07-10 01:04:48,408 [INFO] PluginManage:310 - Check plugin updater
2024-07-10 01:04:48,440 [INFO] PluginManage:359 - Loaded plugin updater (category:base,tabindex:12)
2024-07-10 01:04:48,441 [INFO] PluginManage:310 - Check plugin userauth
2024-07-10 01:04:48,455 [INFO] UserAuth:114 - Init User Auth plugin
2024-07-10 01:04:48,456 [INFO] PluginManage:359 - Loaded plugin userauth (category:base,tabindex:14)
2024-07-10 01:04:48,457 [INFO] PluginManage:283 - PluginManage : Loaded plugins [17]
2024-07-10 01:04:49,208 [INFO] PinOutPanel:1561 - setPackage(No Configuration,No Configuration)
2024-07-10 01:04:49,484 [INFO] CADModel:165 - CPN selected for project level
2024-07-10 01:04:49,485 [INFO] CADModel:114 - Register for checkConnection events
2024-07-10 01:04:49,539 [INFO] IPUIPlugin:80 - create IPUIPlugin
2024-07-10 01:04:49,540 [INFO] PluginManager:220 - loadIPPluginJar : add adc
2024-07-10 01:04:49,548 [INFO] IPUIPlugin:80 - create IPUIPlugin
2024-07-10 01:04:49,549 [INFO] PluginManager:220 - loadIPPluginJar : add aes
2024-07-10 01:04:49,557 [INFO] IPUIPlugin:80 - create IPUIPlugin
2024-07-10 01:04:49,558 [INFO] PluginManager:220 - loadIPPluginJar : add can
2024-07-10 01:04:49,564 [INFO] IPUIPlugin:80 - create IPUIPlugin
2024-07-10 01:04:49,565 [INFO] PluginManager:220 - loadIPPluginJar : add comp
2024-07-10 01:04:49,573 [INFO] IPUIPlugin:80 - create IPUIPlugin
2024-07-10 01:04:49,574 [INFO] PluginManager:220 - loadIPPluginJar : add cryp
2024-07-10 01:04:49,583 [INFO] IPUIPlugin:80 - create IPUIPlugin
2024-07-10 01:04:49,583 [INFO] PluginManager:220 - loadIPPluginJar : add dfsdm
2024-07-10 01:04:49,601 [INFO] IPUIPlugin:80 - create IPUIPlugin
2024-07-10 01:04:49,603 [INFO] PluginManager:220 - loadIPPluginJar : add dma
2024-07-10 01:04:49,612 [INFO] IPUIPlugin:80 - create IPUIPlugin
2024-07-10 01:04:49,612 [INFO] PluginManager:220 - loadIPPluginJar : add dma3
2024-07-10 01:04:49,621 [INFO] IPUIPlugin:80 - create IPUIPlugin
2024-07-10 01:04:49,622 [INFO] PluginManager:220 - loadIPPluginJar : add extmemmanager
2024-07-10 01:04:49,627 [INFO] IPUIPlugin:80 - create IPUIPlugin
2024-07-10 01:04:49,627 [INFO] PluginManager:220 - loadIPPluginJar : add fatfs
2024-07-10 01:04:49,638 [INFO] IPUIPlugin:80 - create IPUIPlugin
2024-07-10 01:04:49,638 [INFO] PluginManager:220 - loadIPPluginJar : add fmc
2024-07-10 01:04:49,672 [INFO] IPUIPlugin:80 - create IPUIPlugin
2024-07-10 01:04:49,673 [INFO] PluginManager:220 - loadIPPluginJar : add freertos
2024-07-10 01:04:49,678 [INFO] IPUIPlugin:80 - create IPUIPlugin
2024-07-10 01:04:49,679 [INFO] PluginManager:220 - loadIPPluginJar : add genericplugin
2024-07-10 01:04:49,686 [INFO] IPUIPlugin:80 - create IPUIPlugin
2024-07-10 01:04:49,687 [INFO] PluginManager:220 - loadIPPluginJar : add gfxmmu
2024-07-10 01:04:49,703 [INFO] IPUIPlugin:80 - create IPUIPlugin
2024-07-10 01:04:49,704 [INFO] PluginManager:220 - loadIPPluginJar : add gic
2024-07-10 01:04:49,716 [INFO] IPUIPlugin:80 - create IPUIPlugin
2024-07-10 01:04:49,716 [INFO] PluginManager:220 - loadIPPluginJar : add gpio
2024-07-10 01:04:49,726 [INFO] IPUIPlugin:80 - create IPUIPlugin
2024-07-10 01:04:49,726 [INFO] PluginManager:220 - loadIPPluginJar : add gtzc
2024-07-10 01:04:49,734 [INFO] IPUIPlugin:80 - create IPUIPlugin
2024-07-10 01:04:49,734 [INFO] PluginManager:220 - loadIPPluginJar : add hash
2024-07-10 01:04:49,742 [INFO] IPUIPlugin:80 - create IPUIPlugin
2024-07-10 01:04:49,743 [INFO] PluginManager:220 - loadIPPluginJar : add i2c
2024-07-10 01:04:49,751 [INFO] IPUIPlugin:80 - create IPUIPlugin
2024-07-10 01:04:49,751 [INFO] PluginManager:220 - loadIPPluginJar : add i2s
2024-07-10 01:04:49,760 [INFO] IPUIPlugin:80 - create IPUIPlugin
2024-07-10 01:04:49,760 [INFO] PluginManager:220 - loadIPPluginJar : add i3c
2024-07-10 01:04:50,109 [INFO] IPUIPlugin:80 - create IPUIPlugin
2024-07-10 01:04:50,110 [INFO] PluginManager:220 - loadIPPluginJar : add ipddr
2024-07-10 01:04:50,129 [INFO] IPUIPlugin:80 - create IPUIPlugin
2024-07-10 01:04:50,129 [INFO] PluginManager:220 - loadIPPluginJar : add linkedlist
2024-07-10 01:04:50,139 [INFO] IPUIPlugin:80 - create IPUIPlugin
2024-07-10 01:04:50,139 [INFO] PluginManager:220 - loadIPPluginJar : add lorawan
2024-07-10 01:04:50,144 [INFO] IPUIPlugin:80 - create IPUIPlugin
2024-07-10 01:04:50,144 [INFO] PluginManager:220 - loadIPPluginJar : add ltdc
2024-07-10 01:04:50,161 [INFO] IPUIPlugin:80 - create IPUIPlugin
2024-07-10 01:04:50,162 [INFO] PluginManager:220 - loadIPPluginJar : add mdma
2024-07-10 01:04:50,171 [INFO] IPUIPlugin:80 - create IPUIPlugin
2024-07-10 01:04:50,171 [INFO] PluginManager:220 - loadIPPluginJar : add nvic
2024-07-10 01:04:50,181 [INFO] IPUIPlugin:80 - create IPUIPlugin
2024-07-10 01:04:50,181 [INFO] PluginManager:220 - loadIPPluginJar : add opamp
2024-07-10 01:04:50,190 [INFO] IPUIPlugin:80 - create IPUIPlugin
2024-07-10 01:04:50,190 [INFO] PluginManager:220 - loadIPPluginJar : add openamp
2024-07-10 01:04:50,198 [INFO] IPUIPlugin:80 - create IPUIPlugin
2024-07-10 01:04:50,199 [INFO] PluginManager:220 - loadIPPluginJar : add pdm2pcm
2024-07-10 01:04:50,215 [INFO] IPUIPlugin:80 - create IPUIPlugin
2024-07-10 01:04:50,220 [INFO] PluginManager:220 - loadIPPluginJar : add plateformsettings
2024-07-10 01:04:50,225 [INFO] IPUIPlugin:80 - create IPUIPlugin
2024-07-10 01:04:50,226 [INFO] PluginManager:220 - loadIPPluginJar : add quadspi
2024-07-10 01:04:50,236 [INFO] IPUIPlugin:80 - create IPUIPlugin
2024-07-10 01:04:50,237 [INFO] PluginManager:220 - loadIPPluginJar : add resmgrutility
2024-07-10 01:04:50,246 [INFO] IPUIPlugin:80 - create IPUIPlugin
2024-07-10 01:04:50,247 [INFO] PluginManager:220 - loadIPPluginJar : add sai
2024-07-10 01:04:50,255 [INFO] IPUIPlugin:80 - create IPUIPlugin
2024-07-10 01:04:50,256 [INFO] PluginManager:220 - loadIPPluginJar : add spi
2024-07-10 01:04:50,270 [INFO] IPUIPlugin:80 - create IPUIPlugin
2024-07-10 01:04:50,271 [INFO] PluginManager:220 - loadIPPluginJar : add stm32_wpan
2024-07-10 01:04:50,277 [INFO] IPUIPlugin:80 - create IPUIPlugin
2024-07-10 01:04:50,278 [INFO] PluginManager:220 - loadIPPluginJar : add tim
2024-07-10 01:04:50,290 [INFO] IPUIPlugin:80 - create IPUIPlugin
2024-07-10 01:04:50,290 [INFO] PluginManager:220 - loadIPPluginJar : add touchsensing
2024-07-10 01:04:50,299 [INFO] IPUIPlugin:80 - create IPUIPlugin
2024-07-10 01:04:50,299 [INFO] PluginManager:220 - loadIPPluginJar : add tracer_emb
2024-07-10 01:04:50,307 [INFO] IPUIPlugin:80 - create IPUIPlugin
2024-07-10 01:04:50,308 [INFO] PluginManager:220 - loadIPPluginJar : add ts
2024-07-10 01:04:50,314 [INFO] IPUIPlugin:80 - create IPUIPlugin
2024-07-10 01:04:50,314 [INFO] PluginManager:220 - loadIPPluginJar : add tsc
2024-07-10 01:04:50,320 [INFO] IPUIPlugin:80 - create IPUIPlugin
2024-07-10 01:04:50,321 [INFO] PluginManager:220 - loadIPPluginJar : add ucpd
2024-07-10 01:04:50,329 [INFO] IPUIPlugin:80 - create IPUIPlugin
2024-07-10 01:04:50,330 [INFO] PluginManager:220 - loadIPPluginJar : add usart
2024-07-10 01:04:50,340 [INFO] IPUIPlugin:80 - create IPUIPlugin
2024-07-10 01:04:50,340 [INFO] PluginManager:220 - loadIPPluginJar : add usbx
2024-07-10 01:04:50,623 [INFO] CADModel:165 - CPN selected for project level
2024-07-10 01:04:50,623 [INFO] CADModel:114 - Register for checkConnection events
2024-07-10 01:04:50,624 [FATAL] Updater:308 - Updater called before beeing initialized
2024-07-10 01:04:50,624 [ERROR] CADModel:125 - Updater not yet initialized, retry later 
2024-07-10 01:04:50,811 [INFO] ThirdPartyUpdaterWithRetryManager:70 - Updater plugin not ready yet. [2/15]
2024-07-10 01:04:51,052 [INFO] CADModel:165 - CPN selected for project level
2024-07-10 01:04:51,052 [INFO] CADModel:114 - Register for checkConnection events
2024-07-10 01:04:51,053 [FATAL] Updater:308 - Updater called before beeing initialized
2024-07-10 01:04:51,053 [ERROR] CADModel:125 - Updater not yet initialized, retry later 
2024-07-10 01:04:51,063 [FATAL] Updater:308 - Updater called before beeing initialized
2024-07-10 01:04:51,431 [FATAL] Updater:308 - Updater called before beeing initialized
2024-07-10 01:04:51,459 [INFO] DbMcusAds:53 - JSON generation date=Thu May 16 12:22:00 TRT 2024 (1715851320852)
2024-07-10 01:04:51,460 [FATAL] Updater:308 - Updater called before beeing initialized
2024-07-10 01:04:51,604 [WARN] DetailPanel:346 - Failed to get advertising image, set to default
2024-07-10 01:04:51,978 [FATAL] Updater:308 - Updater called before beeing initialized
2024-07-10 01:04:51,984 [FATAL] Updater:308 - Updater called before beeing initialized
2024-07-10 01:04:51,984 [FATAL] Updater:308 - Updater called before beeing initialized
2024-07-10 01:04:51,985 [WARN] DetailPanel:346 - Failed to get advertising image, set to default
2024-07-10 01:04:51,987 [FATAL] Updater:308 - Updater called before beeing initialized
2024-07-10 01:04:52,236 [ERROR] Updater:1120 - MainUpdater not yet initialized. External WinMGr cannot be set.
2024-07-10 01:04:52,262 [INFO] Updater:1056 - Updater Version found : 6.11.1
2024-07-10 01:04:52,322 [INFO] ApplicationProperties:184 - Using Application install path: C:\ST\STM32CubeIDE_1.12.0\STM32CubeIDE\plugins\com.st.stm32cube.common.mx_6.11.1.202404110753
2024-07-10 01:04:53,814 [FATAL] Updater:308 - Updater called before beeing initialized
2024-07-10 01:04:53,815 [ERROR] IntegrityCheckThread:130 - Cannot retrieve database content from updater: error 21
2024-07-10 01:04:53,816 [INFO] ThirdParty:978 - Integrity check success = false
2024-07-10 01:04:53,817 [INFO] IntegrityCheckThread:100 - exiting critical section [integrity check]
2024-07-10 01:04:53,817 [INFO] IntegrityCheckThread:103 - End integrity checks thread
2024-07-10 01:04:53,947 [ERROR] LogOutputStream:75 - [STDERR_REDIRECT] Jul 10, 2024 1:04:53 AM java.util.prefs.WindowsPreferences <init>
2024-07-10 01:04:53,953 [ERROR] LogOutputStream:75 - [STDERR_REDIRECT] WARNING: Could not open/create prefs root node Software\JavaSoft\Prefs at root 0xffffffff80000002. Windows RegCreateKeyEx(...) returned error code 5.
2024-07-10 01:04:53,954 [ERROR] LogOutputStream:75 - [STDERR_REDIRECT] 
2024-07-10 01:04:54,907 [INFO] MainUpdater:2873 - connection check result : 22
2024-07-10 01:04:54,908 [INFO] MainUpdater:290 - Updater Check For Update Now.
2024-07-10 01:04:54,908 [INFO] MicroXplorer:498 - Change Database Version : DB.6.0.111
2024-07-10 01:04:54,972 [INFO] McuFinderGlobals:63 - Set McuFinder mode to 2 (CubeIDE integrated)
2024-07-10 01:04:55,002 [INFO] UserAuth:415 - Internet connection configuration mode: 2
2024-07-10 01:04:55,450 [INFO] CheckServerUpdateThread:120 - End of CheckServer Thread
